[19/07/2020 13:49:48] RPTool - started logger for RPTool
[19/07/2020 13:49:54] RPTool - playback 'alt-0'...
[19/07/2020 13:50:22] RPTool - recording 'alt_tab_1'...
[19/07/2020 13:50:22] RPTool - saving test file /home/samuel/PycharmProjects/qa-rptool-ui/tests/alt_tab_1
[19/07/2020 13:50:48] RPTool - playback 'alt_tab_1'...
[19/07/2020 13:51:36] RPTool - playback 'alt_tab_1'...
[19/07/2020 13:59:56] RPTool - started logger for RPTool
[19/07/2020 14:00:05] RPTool - recording 'drag0'...
[19/07/2020 14:00:05] RPTool - saving test file /home/samuel/PycharmProjects/qa-rptool-ui/tests/drag0
[19/07/2020 14:32:58] RPTool - recording 'drag1'...
[19/07/2020 14:32:58] RPTool - saving test file /home/samuel/PycharmProjects/qa-rptool-ui/tests/drag1
[19/07/2020 14:51:46] RPTool - started logger for RPTool
[19/07/2020 14:51:53] RPTool - recording 'drag2'...
[19/07/2020 14:51:53] RPTool - saving test file /home/samuel/PycharmProjects/qa-rptool-ui/tests/drag2
[19/07/2020 14:53:39] RPTool - deleting 'drag2'...
[19/07/2020 14:53:50] RPTool - recording 'drag3'...
[19/07/2020 14:53:50] RPTool - saving test file /home/samuel/PycharmProjects/qa-rptool-ui/tests/drag3
[19/07/2020 15:17:06] RPTool - deleting 'alt_tab_1'...
[19/07/2020 15:17:09] RPTool - deleting 'alt-0'...
[19/07/2020 15:17:12] RPTool - deleting 'drag0'...
[19/07/2020 15:17:16] RPTool - deleting 'drag1'...
[19/07/2020 15:17:19] RPTool - deleting 'drag3'...
[19/07/2020 15:17:27] RPTool - started logger for RPTool
[19/07/2020 15:17:33] RPTool - recording 'drag0'...
[19/07/2020 15:17:33] RPTool - saving test file /home/samuel/PycharmProjects/qa-rptool-ui/tests/drag0
[19/07/2020 15:18:17] RPTool - playback 'drag0'...
[19/07/2020 15:21:01] RPTool - started logger for RPTool
[19/07/2020 15:21:06] RPTool - deleting 'drag0'...
[19/07/2020 15:21:12] RPTool - recording 'drag_0'...
[19/07/2020 15:21:12] RPTool - saving test file /home/samuel/PycharmProjects/qa-rptool-ui/tests/drag_0
[19/07/2020 15:21:54] RPTool - playback 'drag_0'...
[19/07/2020 15:24:19] RPTool - started logger for RPTool
[19/07/2020 15:24:24] RPTool - playback 'drag_0'...
[19/07/2020 15:25:10] RPTool - recording ''...
[19/07/2020 15:25:10] RPTool - saving test file /home/samuel/PycharmProjects/qa-rptool-ui/tests/
[19/07/2020 15:25:43] RPTool - playback 'drag_0'...
[20/07/2020 09:31:43] RPTool - started logger for RPTool
[20/07/2020 11:41:15] RPTool - started logger for RPTool
[20/07/2020 11:41:55] RPTool - recording 'TEST_CAL_SUM'...
[20/07/2020 11:41:55] RPTool - saving test file /home/samuel/PycharmProjects/qa-rptool-ui/tests/TEST_CAL_SUM
[20/07/2020 11:42:36] RPTool - playback 'TEST_CAL_SUM'...
[20/07/2020 11:43:57] RPTool - started logger for RPTool
[20/07/2020 11:44:04] RPTool - playback 'TEST_CAL_SUM'...
[20/07/2020 11:45:57] RPTool - recording ''...
[20/07/2020 11:45:57] RPTool - saving test file /home/samuel/PycharmProjects/qa-rptool-ui/tests/
[20/07/2020 11:46:30] RPTool - playback 'TEST_CAL_SUM'...
[20/07/2020 13:31:02] RPTool - started logger for RPTool
[20/07/2020 13:39:02] RPTool - started logger for RPTool
[20/07/2020 13:43:56] RPTool - deleting 'TEST_CAL_SUM'...
[20/07/2020 14:00:26] RPTool - started logger for RPTool
[20/07/2020 14:00:37] RPTool - recording 'TEST_LOOP'...
[20/07/2020 14:00:37] RPTool - saving test file /home/samuel/PycharmProjects/qa-rptool-ui/tests/TEST_LOOP
[20/07/2020 14:01:34] RPTool - playback 'TEST_LOOP'...
[20/07/2020 14:02:25] RPTool - recording ''...
[20/07/2020 14:02:25] RPTool - saving test file /home/samuel/PycharmProjects/qa-rptool-ui/tests/
[20/07/2020 14:02:39] RPTool - playback 'TEST_LOOP'...
[25/07/2020 21:21:05] RPTool - started logger for RPTool
[25/07/2020 21:21:11] RPTool - deleting 'TEST_LOOP'...
[25/07/2020 21:21:17] RPTool - deleting 'drag_0'...
[25/07/2020 21:21:29] RPTool - recording 'CALC_SUM'...
[25/07/2020 21:21:29] RPTool - saving test file /home/samuel/PycharmProjects/qa-rptool-ui/tests/CALC_SUM
[25/07/2020 21:24:19] RPTool - started logger for RPTool
[25/07/2020 21:24:42] RPTool - playback 'CALC_SUM'...
[25/07/2020 21:26:08] RPTool - started logger for RPTool
[25/07/2020 21:26:18] RPTool - playback 'CALC_SUM'...
[25/07/2020 21:28:16] RPTool - started logger for RPTool
[25/07/2020 21:28:30] RPTool - playback 'CALC_SUM'...
[25/07/2020 21:31:52] RPTool - started logger for RPTool
[25/07/2020 21:32:04] RPTool - playback 'CALC_SUM'...
[25/07/2020 21:36:55] RPTool - started logger for RPTool
[25/07/2020 21:37:06] RPTool - playback 'CALC_SUM'...
[25/07/2020 21:40:40] RPTool - started logger for RPTool
[25/07/2020 21:40:55] RPTool - playback 'CALC_SUM'...
[25/07/2020 21:45:15] RPTool - started logger for RPTool
[25/07/2020 21:45:24] RPTool - playback 'CALC_SUM'...
[25/07/2020 21:46:01] RPTool - playback 'CALC_SUM'...
[25/07/2020 21:47:59] RPTool - started logger for RPTool
[25/07/2020 21:48:09] RPTool - playback 'CALC_SUM'...
[25/07/2020 21:48:31] RPTool - playback 'CALC_SUM'...
[25/07/2020 21:48:53] RPTool - playback 'CALC_SUM'...
[25/07/2020 21:50:26] RPTool - started logger for RPTool
[25/07/2020 21:51:17] RPTool - playback 'CALC_SUM'...
[25/07/2020 21:52:28] RPTool - started logger for RPTool
[25/07/2020 21:52:40] RPTool - playback 'CALC_SUM'...
[25/07/2020 21:53:04] RPTool - playback 'CALC_SUM'...
[25/07/2020 21:53:28] RPTool - playback 'CALC_SUM'...
[25/07/2020 21:53:52] RPTool - playback 'CALC_SUM'...
[25/07/2020 21:54:15] RPTool - playback 'CALC_SUM'...
[25/07/2020 21:59:13] RPTool - started logger for RPTool
[25/07/2020 21:59:39] RPTool - playback 'CALC_SUM'...
[25/07/2020 22:00:00] RPTool - playback 'CALC_SUM'...
[25/07/2020 22:00:22] RPTool - playback 'CALC_SUM'...
[25/07/2020 22:14:35] RPTool - started logger for RPTool
[25/07/2020 22:14:46] RPTool - playback 'CALC_SUM'...
[25/07/2020 22:15:08] RPTool - playback 'CALC_SUM'...
[25/07/2020 22:15:30] RPTool - playback 'CALC_SUM'...
[25/07/2020 22:18:12] RPTool - playback 'CALC_SUM'...
[25/07/2020 22:19:01] RPTool - playback 'CALC_SUM'...
[25/07/2020 22:19:50] RPTool - playback 'CALC_SUM'...
[25/07/2020 22:20:39] RPTool - playback 'CALC_SUM'...
[25/07/2020 22:25:04] RPTool - started logger for RPTool
[25/07/2020 22:25:20] RPTool - playback 'CALC_SUM'...
[25/07/2020 22:25:49] RPTool - playback 'CALC_SUM'...
[25/07/2020 22:26:17] RPTool - playback 'CALC_SUM'...
[25/07/2020 23:30:53] RPTool - started logger for RPTool
[26/07/2020 00:08:55] RPTool - started logger for RPTool
[26/07/2020 00:16:23] RPTool - started logger for RPTool
[26/07/2020 13:49:17] RPTool - started logger for RPTool
[26/07/2020 14:00:34] RPTool - started logger for RPTool
[26/07/2020 14:10:09] RPTool - started logger for RPTool
[26/07/2020 14:15:43] RPTool - started logger for RPTool
[26/07/2020 14:23:15] RPTool - started logger for RPTool
[26/07/2020 14:31:10] RPTool - started logger for RPTool
[26/07/2020 14:41:21] RPTool - started logger for RPTool
[26/07/2020 15:06:59] RPTool - started logger for RPTool
[26/07/2020 22:44:37] RPTool - started logger for RPTool
[26/07/2020 22:58:22] RPTool - started logger for RPTool
[26/07/2020 23:05:06] RPTool - started logger for RPTool
[26/07/2020 23:06:33] RPTool - started logger for RPTool
[26/07/2020 23:40:50] RPTool - started logger for RPTool
[27/07/2020 09:37:46] RPTool - started logger for RPTool
[27/07/2020 09:41:02] RPTool - started logger for RPTool
[27/07/2020 09:56:02] RPTool - started logger for RPTool
[27/07/2020 13:15:08] RPTool - started logger for RPTool
[27/07/2020 13:16:23] RPTool - started logger for RPTool
[27/07/2020 13:20:41] RPTool - started logger for RPTool
[27/07/2020 13:21:33] RPTool - started logger for RPTool
[27/07/2020 13:21:54] RPTool - started logger for RPTool
[27/07/2020 13:47:42] RPTool - started logger for RPTool
[27/07/2020 13:47:53] RPTool - recording 'TST'...
[27/07/2020 13:47:53] RPTool - saving test file /home/samuel/PycharmProjects/qa-rptool-ui/tests/TST
[27/07/2020 13:50:02] RPTool - started logger for RPTool
[27/07/2020 13:50:20] RPTool - recording 'TST_INCREMENT_CHECK_POINT'...
[27/07/2020 13:50:20] RPTool - saving test file /home/samuel/PycharmProjects/qa-rptool-ui/tests/TST_INCREMENT_CHECK_POINT
[27/07/2020 13:58:18] RPTool - started logger for RPTool
[27/07/2020 13:58:46] RPTool - recording 'TST_IGNORE_DRAG_WHILE_TAKE_PRINT_SCREEN'...
[27/07/2020 13:58:46] RPTool - saving test file /home/samuel/PycharmProjects/qa-rptool-ui/tests/TST_IGNORE_DRAG_WHILE_TAKE_PRINT_SCREEN
[27/07/2020 14:04:06] RPTool - recording 'TST_PS'...
[27/07/2020 14:04:06] RPTool - saving test file /home/samuel/PycharmProjects/qa-rptool-ui/tests/TST_PS
[27/07/2020 14:07:57] RPTool - started logger for RPTool
[27/07/2020 14:09:23] RPTool - recording 'TST_PS_AGAIN'...
[27/07/2020 14:09:23] RPTool - saving test file /home/samuel/PycharmProjects/qa-rptool-ui/tests/TST_PS_AGAIN
[27/07/2020 14:10:16] RPTool - started logger for RPTool
[27/07/2020 14:10:21] RPTool - recording 'OI'...
[27/07/2020 14:10:21] RPTool - saving test file /home/samuel/PycharmProjects/qa-rptool-ui/tests/OI
[27/07/2020 14:11:29] RPTool - started logger for RPTool
[27/07/2020 14:11:35] RPTool - deleting 'TST'...
[27/07/2020 14:11:38] RPTool - deleting 'CALC_SUM'...
[27/07/2020 14:11:42] RPTool - deleting 'TST_IGNORE_DRAG_WHILE_TAKE_PRINT_SCREEN'...
[27/07/2020 14:11:45] RPTool - deleting 'OI'...
[27/07/2020 14:11:48] RPTool - deleting 'TST_PS_AGAIN'...
[27/07/2020 14:11:51] RPTool - deleting 'TST_PS'...
[27/07/2020 14:12:17] RPTool - recording 'TST_SAVE_IMAGE'...
[27/07/2020 14:12:17] RPTool - saving test file /home/samuel/PycharmProjects/qa-rptool-ui/tests/TST_SAVE_IMAGE
[27/07/2020 14:12:57] RPTool - started logger for RPTool
[27/07/2020 14:13:07] RPTool - recording 'XTPO'...
[27/07/2020 14:13:07] RPTool - saving test file /home/samuel/PycharmProjects/qa-rptool-ui/tests/XTPO
[27/07/2020 22:22:14] RPTool - started logger for RPTool
[27/07/2020 22:29:17] RPTool - started logger for RPTool
[27/07/2020 22:33:53] RPTool - started logger for RPTool
[27/07/2020 22:36:47] RPTool - started logger for RPTool
[27/07/2020 22:36:57] RPTool - deleting 'XTPO_0.png'...
[27/07/2020 22:37:09] RPTool - deleting 'TST_SAVE_IMAGE'...
[27/07/2020 22:37:12] RPTool - deleting 'XTPO_1.png'...
[27/07/2020 22:37:15] RPTool - deleting 'XTPO'...
[27/07/2020 22:37:17] RPTool - deleting 'TST_INCREMENT_CHECK_POINT'...
[27/07/2020 22:37:21] RPTool - deleting 'XTPO_2.png'...
[27/07/2020 22:37:29] RPTool - recording 'TEST_SUM'...
[27/07/2020 22:37:29] RPTool - saving test file /home/samuel/PycharmProjects/qa-rptool-ui/tests/TEST_SUM
[27/07/2020 22:37:59] RPTool - playback 'TEST_SUM'...
[27/07/2020 22:38:19] RPTool - playback 'TEST_SUM'...
[27/07/2020 22:38:39] RPTool - playback 'TEST_SUM'...
[27/07/2020 22:38:48] RPTool - playback 'TEST_SUM'...
[27/07/2020 23:00:57] RPTool - playback 'TEST_SUM'...
[27/07/2020 23:01:17] RPTool - playback 'TEST_SUM'...
[27/07/2020 23:01:36] RPTool - playback 'TEST_SUM'...
[27/07/2020 23:02:02] RPTool - playback 'TEST_SUM'...
[27/07/2020 23:02:31] RPTool - playback 'TEST_SUM'...
[27/07/2020 23:20:22] RPTool - started logger for RPTool
[27/07/2020 23:20:42] RPTool - recording 'TEST_DIVISION'...
[27/07/2020 23:20:42] RPTool - saving test file /home/samuel/PycharmProjects/qa-rptool-ui/tests/TEST_DIVISION
[27/07/2020 23:22:11] RPTool - playback 'TEST_DIVISION'...
[28/07/2020 14:03:37] RPTool - started logger for RPTool
[28/07/2020 14:04:15] RPTool - recording 'TST_MULT'...
[28/07/2020 14:04:15] RPTool - saving test file /home/samuel/PycharmProjects/qa-rptool-ui/tests/TST_MULT
[28/07/2020 14:07:49] RPTool - recording 'TST'...
[28/07/2020 14:07:49] RPTool - saving test file /home/samuel/PycharmProjects/qa-rptool-ui/tests/TST
[28/07/2020 14:13:33] RPTool - started logger for RPTool
[28/07/2020 14:14:16] RPTool - playback 'TST'...
[28/07/2020 20:08:51] RPTool - started logger for RPTool
[28/07/2020 21:07:26] RPTool - started logger for RPTool
[28/07/2020 21:07:35] RPTool - playback 'TST'...
[28/07/2020 21:12:34] RPTool - started logger for RPTool
[28/07/2020 21:12:40] RPTool - playback 'TST'...
[28/07/2020 21:14:33] RPTool - started logger for RPTool
[28/07/2020 21:14:37] RPTool - deleting 'TST'...
[28/07/2020 21:14:40] RPTool - deleting 'TEST_DIVISION'...
[28/07/2020 21:14:43] RPTool - deleting 'TEST_SUM'...
[28/07/2020 21:14:47] RPTool - deleting 'TST_MULT'...
[28/07/2020 21:15:41] RPTool - recording 'soma'...
[28/07/2020 21:15:41] RPTool - saving test file /home/samuel/PycharmProjects/qa-rptool-ui/tests/soma
[28/07/2020 21:16:54] RPTool - playback 'soma'...
[28/07/2020 21:18:14] RPTool - started logger for RPTool
[28/07/2020 21:18:25] RPTool - playback 'soma'...
[28/07/2020 21:29:57] RPTool - started logger for RPTool
[28/07/2020 21:30:04] RPTool - playback 'soma'...
[28/07/2020 21:33:56] RPTool - started logger for RPTool
[28/07/2020 21:34:12] RPTool - recording 'HORAS'...
[28/07/2020 21:34:12] RPTool - saving test file /home/samuel/PycharmProjects/qa-rptool-ui/tests/HORAS
[28/07/2020 21:37:01] RPTool - playback 'HORAS'...
[28/07/2020 21:37:46] RPTool - recording ''...
[28/07/2020 21:37:46] RPTool - saving test file /home/samuel/PycharmProjects/qa-rptool-ui/tests/
[28/07/2020 21:37:57] RPTool - playback 'HORAS'...
[28/07/2020 21:38:21] RPTool - playback 'HORAS'...
[28/07/2020 21:38:33] RPTool - deleting 'HORAS'...
[28/07/2020 21:44:49] RPTool - playback 'soma'...
[28/07/2020 21:58:18] RPTool - deleting 'soma'...
[28/07/2020 22:07:14] RPTool - recording 'CALC-1-The sum of 1+1 should be 2'...
[28/07/2020 22:07:14] RPTool - saving test file /home/samuel/PycharmProjects/qa-rptool-ui/tests/CALC-1-The sum of 1+1 should be 2
[28/07/2020 22:14:09] RPTool - playback 'CALC-1-The sum of 1+1 should be 2'...
[28/07/2020 22:19:53] RPTool - deleting 'CALC-1-The sum of 1+1 should be 2'...
[28/07/2020 22:20:18] RPTool - recording 'CALC-1-The sum should be 2'...
[28/07/2020 22:20:18] RPTool - saving test file /home/samuel/PycharmProjects/qa-rptool-ui/tests/CALC-1-The sum should be 2
[28/07/2020 22:30:02] RPTool - playback 'CALC-1-The sum should be 2'...
[28/07/2020 22:32:41] RPTool - started logger for RPTool
[28/07/2020 22:32:46] RPTool - playback 'CALC-1-The sum should be 2'...
[28/07/2020 22:33:58] RPTool - deleting 'CALC-1-The sum should be 2'...
[28/07/2020 22:41:22] RPTool - recording 'CALC-1_SUM'...
[28/07/2020 22:41:22] RPTool - saving test file /home/samuel/PycharmProjects/qa-rptool-ui/tests/CALC-1_SUM
[28/07/2020 22:42:50] RPTool - playback 'CALC-1_SUM'...
[28/07/2020 23:26:20] RPTool - started logger for RPTool
[28/07/2020 23:26:25] RPTool - playback 'CALC-1_SUM'...
[28/07/2020 23:28:44] RPTool - started logger for RPTool
[28/07/2020 23:28:50] RPTool - playback 'CALC-1_SUM'...
[28/07/2020 23:31:12] RPTool - started logger for RPTool
[28/07/2020 23:31:40] RPTool - playback 'CALC-1_SUM'...
[28/07/2020 23:32:23] RPTool - playback 'CALC-1_SUM'...
[28/07/2020 23:32:43] RPTool - deleting 'CALC-1_SUM'...
[28/07/2020 23:33:02] RPTool - recording 'CALC-1_SOMAR'...
[28/07/2020 23:33:02] RPTool - saving test file /home/samuel/PycharmProjects/qa-rptool-ui/tests/CALC-1_SOMAR
[28/07/2020 23:33:57] RPTool - playback 'CALC-1_SOMAR'...
[28/07/2020 23:38:44] RPTool - started logger for RPTool
[28/07/2020 23:38:50] RPTool - playback 'CALC-1_SOMAR'...
